# JRE version: Java(TM) SE Runtime Environment (8.0_121-b13) (build 1.8.0_121-b13)
# Java VM: Java HotSpot(TM) Client VM (25.121-b13 mixed mode, sharing windows-x86 )
Heap:
 def new generation   total 4992K, used 2464K [0x03a00000, 0x03f60000, 0x08f50000)
  eden space 4480K,  55% used [0x03a00000, 0x03c68090, 0x03e60000)
  from space 512K,   0% used [0x03e60000, 0x03e60000, 0x03ee0000)
  to   space 512K,   0% used [0x03ee0000, 0x03ee0000, 0x03f60000)
 tenured generation   total 10944K, used 2520K [0x08f50000, 0x09a00000, 0x13a00000)
   the space 10944K,  23% used [0x08f50000, 0x091c63a0, 0x091c6400, 0x09a00000)
 Metaspace       used 2351K, capacity 3855K, committed 3904K, reserved 5504K
GC Heap History (10 events):
Event: 0.528 GC heap before
{Heap before GC invocations=0 (full 0):
 def new generation   total 4928K, used 4416K [0x03a00000, 0x03f50000, 0x08f50000)
  eden space 4416K, 100% used [0x03a00000, 0x03e50000, 0x03e50000)
  from space 512K,   0% used [0x03e50000, 0x03e50000, 0x03ed0000)
  to   space 512K,   0% used [0x03ed0000, 0x03ed0000, 0x03f50000)
 tenured generation   total 10944K, used 0K [0x08f50000, 0x09a00000, 0x13a00000)
   the space 10944K,   0% used [0x08f50000, 0x08f50000, 0x08f50200, 0x09a00000)
 Metaspace       used 584K, capacity 2536K, committed 2624K, reserved 4480K
Event: 0.534 GC heap after
Heap after GC invocations=1 (full 0):
 def new generation   total 4928K, used 512K [0x03a00000, 0x03f50000, 0x08f50000)
  eden space 4416K,   0% used [0x03a00000, 0x03a00000, 0x03e50000)
  from space 512K, 100% used [0x03ed0000, 0x03f50000, 0x03f50000)
  to   space 512K,   0% used [0x03e50000, 0x03e50000, 0x03ed0000)
 tenured generation   total 10944K, used 928K [0x08f50000, 0x09a00000, 0x13a00000)
   the space 10944K,   8% used [0x08f50000, 0x09038020, 0x09038200, 0x09a00000)
 Metaspace       used 584K, capacity 2536K, committed 2624K, reserved 4480K
}
Event: 0.709 GC heap before
{Heap before GC invocations=1 (full 0):
 def new generation   total 4928K, used 4928K [0x03a00000, 0x03f50000, 0x08f50000)
  eden space 4416K, 100% used [0x03a00000, 0x03e50000, 0x03e50000)
  from space 512K, 100% used [0x03ed0000, 0x03f50000, 0x03f50000)
  to   space 512K,   0% used [0x03e50000, 0x03e50000, 0x03ed0000)
 tenured generation   total 10944K, used 928K [0x08f50000, 0x09a00000, 0x13a00000)
   the space 10944K,   8% used [0x08f50000, 0x09038020, 0x09038200, 0x09a00000)
 Metaspace       used 1149K, capacity 2959K, committed 3008K, reserved 4480K
Event: 0.713 GC heap after
Heap after GC invocations=2 (full 0):
 def new generation   total 4928K, used 512K [0x03a00000, 0x03f50000, 0x08f50000)
  eden space 4416K,   0% used [0x03a00000, 0x03a00000, 0x03e50000)
  from space 512K, 100% used [0x03e50000, 0x03ed0000, 0x03ed0000)
  to   space 512K,   0% used [0x03ed0000, 0x03ed0000, 0x03f50000)
 tenured generation   total 10944K, used 1731K [0x08f50000, 0x09a00000, 0x13a00000)
   the space 10944K,  15% used [0x08f50000, 0x09100c40, 0x09100e00, 0x09a00000)
 Metaspace       used 1149K, capacity 2959K, committed 3008K, reserved 4480K
}
Event: 0.871 GC heap before
{Heap before GC invocations=2 (full 0):
 def new generation   total 4928K, used 4928K [0x03a00000, 0x03f50000, 0x08f50000)
  eden space 4416K, 100% used [0x03a00000, 0x03e50000, 0x03e50000)
  from space 512K, 100% used [0x03e50000, 0x03ed0000, 0x03ed0000)
  to   space 512K,   0% used [0x03ed0000, 0x03ed0000, 0x03f50000)
 tenured generation   total 10944K, used 1731K [0x08f50000, 0x09a00000, 0x13a00000)
   the space 10944K,  15% used [0x08f50000, 0x09100c40, 0x09100e00, 0x09a00000)
 Metaspace       used 1663K, capacity 3343K, committed 3392K, reserved 4480K
Event: 0.875 GC heap after
Heap after GC invocations=3 (full 0):
 def new generation   total 4928K, used 512K [0x03a00000, 0x03f50000, 0x08f50000)
  eden space 4416K,   0% used [0x03a00000, 0x03a00000, 0x03e50000)
  from space 512K, 100% used [0x03ed0000, 0x03f50000, 0x03f50000)
  to   space 512K,   0% used [0x03e50000, 0x03e50000, 0x03ed0000)
 tenured generation   total 10944K, used 2150K [0x08f50000, 0x09a00000, 0x13a00000)
   the space 10944K,  19% used [0x08f50000, 0x09169a40, 0x09169c00, 0x09a00000)
 Metaspace       used 1663K, capacity 3343K, committed 3392K, reserved 4480K
}
Event: 1.087 GC heap before
{Heap before GC invocations=3 (full 0):
 def new generation   total 4928K, used 4928K [0x03a00000, 0x03f50000, 0x08f50000)
  eden space 4416K, 100% used [0x03a00000, 0x03e50000, 0x03e50000)
  from space 512K, 100% used [0x03ed0000, 0x03f50000, 0x03f50000)
  to   space 512K,   0% used [0x03e50000, 0x03e50000, 0x03ed0000)
 tenured generation   total 10944K, used 2150K [0x08f50000, 0x09a00000, 0x13a00000)
   the space 10944K,  19% used [0x08f50000, 0x09169a40, 0x09169c00, 0x09a00000)
 Metaspace       used 2076K, capacity 3631K, committed 3648K, reserved 4480K
Event: 1.090 GC heap after
Heap after GC invocations=4 (full 0):
 def new generation   total 4928K, used 512K [0x03a00000, 0x03f50000, 0x08f50000)
  eden space 4416K,   0% used [0x03a00000, 0x03a00000, 0x03e50000)
  from space 512K, 100% used [0x03e50000, 0x03ed0000, 0x03ed0000)
  to   space 512K,   0% used [0x03ed0000, 0x03ed0000, 0x03f50000)
 tenured generation   total 10944K, used 2476K [0x08f50000, 0x09a00000, 0x13a00000)
   the space 10944K,  22% used [0x08f50000, 0x091bb2a0, 0x091bb400, 0x09a00000)
 Metaspace       used 2076K, capacity 3631K, committed 3648K, reserved 4480K
}
Event: 1.272 GC heap before
{Heap before GC invocations=4 (full 0):
 def new generation   total 4928K, used 1405K [0x03a00000, 0x03f50000, 0x08f50000)
  eden space 4416K,  20% used [0x03a00000, 0x03adf590, 0x03e50000)
  from space 512K, 100% used [0x03e50000, 0x03ed0000, 0x03ed0000)
  to   space 512K,   0% used [0x03ed0000, 0x03ed0000, 0x03f50000)
 tenured generation   total 10944K, used 2476K [0x08f50000, 0x09a00000, 0x13a00000)
   the space 10944K,  22% used [0x08f50000, 0x091bb2a0, 0x091bb400, 0x09a00000)
 Metaspace       used 2133K, capacity 3631K, committed 3648K, reserved 6528K
Event: 1.284 GC heap after
Heap after GC invocations=5 (full 1):
 def new generation   total 4992K, used 0K [0x03a00000, 0x03f60000, 0x08f50000)
  eden space 4480K,   0% used [0x03a00000, 0x03a00000, 0x03e60000)
  from space 512K,   0% used [0x03e60000, 0x03e60000, 0x03ee0000)
  to   space 512K,   0% used [0x03ee0000, 0x03ee0000, 0x03f60000)
 tenured generation   total 10944K, used 2520K [0x08f50000, 0x09a00000, 0x13a00000)
   the space 10944K,  23% used [0x08f50000, 0x091c63a0, 0x091c6400, 0x09a00000)
 Metaspace       used 2133K, capacity 3631K, committed 3648K, reserved 5504K
}

